<?xml version="1.0" encoding="UTF-8"?>
<!-- Generated by org.testng.reporters.JUnitXMLReporter -->
<testsuite hostname="Users-MacBook-Pro.local" ignored="0" name="DarkSky Sanity Test" tests="3" failures="0" timestamp="12 Dec 2019 22:15:09 GMT" time="60.517" errors="0">
  <testcase name="verifyTimeZone" time="3.51" classname="com.darksky.tests.TimeZoneTest"/>
  <testcase name="getTodayMaxMinTemp" time="0.258" classname="com.darksky.tests.MainPageTest"/>
  <testcase name="doGoTimeMachine" time="18.002" classname="com.darksky.tests.TimeMachineTest"/>
</testsuite> <!-- DarkSky Sanity Test -->
