<?xml version="1.0" encoding="UTF-8"?>
<!-- Generated by org.testng.reporters.JUnitXMLReporter -->
<testsuite hostname="SONERs-iMac.lan1" name="Default test" tests="3" failures="0" timestamp="16 Dec 2019 23:56:04 GMT" time="113.887" errors="0">
  <testcase name="doRegister" time="7.423" classname="com.darksky.tests.RegistirationTest"/>
  <testcase name="doConfirm" time="58.854" classname="com.darksky.tests.RegistirationTest"/>
  <testcase name="verifyLoginTitle" time="13.372" classname="com.darksky.tests.RegistirationTest"/>
</testsuite> <!-- Default test -->
